<?xml version="1.0" encoding="UTF-8"?>
<!-- Generated by org.testng.reporters.JUnitXMLReporter -->
<testsuite ignored="0" hostname="VUHL-4F39273" failures="0" tests="5" name="Test" time="6.707" errors="0" timestamp="2022-11-08T20:45:35 CST">
  <testcase classname="com.src.enterprise.UI.AmazonLogin" name="Login" time="2.921"/>
  <testcase classname="com.src.enterprise.UI.ExtentDemo" name="testCase1" time="0.007"/>
  <testcase classname="com.src.enterprise.UI.ExtentDemo" name="testCase2" time="0.001"/>
  <testcase classname="com.src.enterprise.UI.ExtentDemo" name="testCase3" time="0.001"/>
  <testcase classname="com.src.enterprise.UI.ExtentDemo" name="testCase4" time="0.001"/>
</testsuite> <!-- Test -->
