<?xml version="1.0" encoding="UTF-8"?>
<testng-results ignored="0" total="2" passed="2" failed="0" skipped="0">
  <reporter-output>
    <line>
      <![CDATA[=====Browser Session Started=====]]>
    </line>
    <line>
      <![CDATA[=====Browser Session Started=====]]>
    </line>
  </reporter-output>
  <suite started-at="2022-11-09T16:36:28 CST" name="Suite" finished-at="2022-11-09T16:36:45 CST" duration-ms="17012">
    <groups>
    </groups>
    <test started-at="2022-11-09T16:36:28 CST" name="Test" finished-at="2022-11-09T16:36:45 CST" duration-ms="17012">
      <class name="com.src.enterprise.UI.AmazonLogin">
        <test-method is-config="true" signature="Browsersetup()[pri:0, instance:com.src.enterprise.UI.AmazonLogin@4659191b]" started-at="2022-11-09T16:36:28 CST" name="Browsersetup" finished-at="2022-11-09T16:36:39 CST" duration-ms="10339" status="PASS">
          <reporter-output>
            <line>
              <![CDATA[=====Browser Session Started=====]]>
            </line>
          </reporter-output>
        </test-method> <!-- Browsersetup -->
        <test-method is-config="true" signature="beforeMethod()[pri:0, instance:com.src.enterprise.UI.AmazonLogin@4659191b]" started-at="2022-11-09T16:36:39 CST" name="beforeMethod" finished-at="2022-11-09T16:36:39 CST" duration-ms="0" status="PASS">
          <reporter-output>
          </reporter-output>
        </test-method> <!-- beforeMethod -->
        <test-method signature="Login()[pri:0, instance:com.src.enterprise.UI.AmazonLogin@4659191b]" started-at="2022-11-09T16:36:39 CST" name="Login" finished-at="2022-11-09T16:36:43 CST" duration-ms="4678" status="PASS">
          <reporter-output>
          </reporter-output>
        </test-method> <!-- Login -->
        <test-method is-config="true" signature="afterMethod()[pri:0, instance:com.src.enterprise.UI.AmazonLogin@4659191b]" started-at="2022-11-09T16:36:43 CST" name="afterMethod" finished-at="2022-11-09T16:36:43 CST" duration-ms="1" status="PASS">
          <reporter-output>
          </reporter-output>
        </test-method> <!-- afterMethod -->
      </class> <!-- com.src.enterprise.UI.AmazonLogin -->
      <class name="com.src.enterprise.UI.GoogleLogin">
        <test-method is-config="true" signature="Browsersetup()[pri:0, instance:com.src.enterprise.UI.GoogleLogin@59505b48]" started-at="2022-11-09T16:36:43 CST" name="Browsersetup" finished-at="2022-11-09T16:36:43 CST" duration-ms="22" status="PASS">
          <reporter-output>
            <line>
              <![CDATA[=====Browser Session Started=====]]>
            </line>
          </reporter-output>
        </test-method> <!-- Browsersetup -->
        <test-method is-config="true" signature="beforeMethod()[pri:0, instance:com.src.enterprise.UI.GoogleLogin@59505b48]" started-at="2022-11-09T16:36:43 CST" name="beforeMethod" finished-at="2022-11-09T16:36:43 CST" duration-ms="1" status="PASS">
          <reporter-output>
          </reporter-output>
        </test-method> <!-- beforeMethod -->
        <test-method signature="Login()[pri:0, instance:com.src.enterprise.UI.GoogleLogin@59505b48]" started-at="2022-11-09T16:36:43 CST" name="Login" finished-at="2022-11-09T16:36:45 CST" duration-ms="1891" status="PASS">
          <reporter-output>
          </reporter-output>
        </test-method> <!-- Login -->
        <test-method is-config="true" signature="afterMethod()[pri:0, instance:com.src.enterprise.UI.GoogleLogin@59505b48]" started-at="2022-11-09T16:36:45 CST" name="afterMethod" finished-at="2022-11-09T16:36:45 CST" duration-ms="0" status="PASS">
          <reporter-output>
          </reporter-output>
        </test-method> <!-- afterMethod -->
      </class> <!-- com.src.enterprise.UI.GoogleLogin -->
    </test> <!-- Test -->
  </suite> <!-- Suite -->
</testng-results>
