<?xml version="1.0" encoding="UTF-8"?>
<testng-results ignored="0" total="1" passed="1" failed="0" skipped="0">
  <reporter-output>
    <line>
      <![CDATA[=====Browser Session Started=====]]>
    </line>
  </reporter-output>
  <suite started-at="2022-11-09T13:15:56 CST" name="Default suite" finished-at="2022-11-09T13:16:10 CST" duration-ms="13429">
    <groups>
    </groups>
    <test started-at="2022-11-09T13:15:56 CST" name="Default test" finished-at="2022-11-09T13:16:10 CST" duration-ms="13429">
      <class name="com.src.enterprise.UI.AmazonLogin">
        <test-method is-config="true" signature="Browsersetup()[pri:0, instance:com.src.enterprise.UI.AmazonLogin@306e95ec]" started-at="2022-11-09T13:15:56 CST" name="Browsersetup" finished-at="2022-11-09T13:16:05 CST" duration-ms="8908" status="PASS">
          <reporter-output>
            <line>
              <![CDATA[=====Browser Session Started=====]]>
            </line>
          </reporter-output>
        </test-method> <!-- Browsersetup -->
        <test-method is-config="true" signature="beforeMethod()[pri:0, instance:com.src.enterprise.UI.AmazonLogin@306e95ec]" started-at="2022-11-09T13:16:05 CST" name="beforeMethod" finished-at="2022-11-09T13:16:05 CST" duration-ms="1" status="PASS">
          <reporter-output>
          </reporter-output>
        </test-method> <!-- beforeMethod -->
        <test-method signature="Login()[pri:0, instance:com.src.enterprise.UI.AmazonLogin@306e95ec]" started-at="2022-11-09T13:16:05 CST" name="Login" finished-at="2022-11-09T13:16:10 CST" duration-ms="4451" status="PASS">
          <reporter-output>
          </reporter-output>
        </test-method> <!-- Login -->
        <test-method is-config="true" signature="afterMethod()[pri:0, instance:com.src.enterprise.UI.AmazonLogin@306e95ec]" started-at="2022-11-09T13:16:10 CST" name="afterMethod" finished-at="2022-11-09T13:16:10 CST" duration-ms="1" status="PASS">
          <reporter-output>
          </reporter-output>
        </test-method> <!-- afterMethod -->
      </class> <!-- com.src.enterprise.UI.AmazonLogin -->
    </test> <!-- Default test -->
  </suite> <!-- Default suite -->
</testng-results>
